<?xml version="1.0" encoding="UTF-8"?>
<!-- Generated by org.testng.reporters.JUnitReportReporter -->
<testsuite hostname="dheerajv-mac" failures="0" tests="2" name="DheerajSaini.test.ModifiedStandAloneTest" time="13.105" errors="0" timestamp="2025-10-26T20:31:12 IST" skipped="0">
  <testcase classname="DheerajSaini.test.ModifiedStandAloneTest" name="OrderHistory" time="4.739"/>
  <testcase classname="DheerajSaini.test.ModifiedStandAloneTest" name="firstTest" time="8.366"/>
</testsuite> <!-- DheerajSaini.test.ModifiedStandAloneTest -->
