<?xml version="1.0" encoding="UTF-8"?>
<!-- Generated by org.testng.reporters.JUnitReportReporter -->
<testsuite hostname="dheerajv-mac" failures="0" tests="2" name="DheerajSaini.test.ErrorValidationsTests" time="13.115" errors="0" timestamp="2025-10-26T20:31:12 IST" skipped="0">
  <testcase classname="DheerajSaini.test.ErrorValidationsTests" name="VerifyError" time="6.720"/>
  <testcase classname="DheerajSaini.test.ErrorValidationsTests" name="verifyWrongItem" time="6.395"/>
</testsuite> <!-- DheerajSaini.test.ErrorValidationsTests -->
